Analysis & Synthesis report for simpleCPU
Mon May 27 19:31:51 2019
Quartus II 64-Bit Version 13.0.1 Build 232 06/12/2013 Service Pack 1 SJ Web Edition


---------------------
; Table of Contents ;
---------------------
  1. Legal Notice
  2. Analysis & Synthesis Summary
  3. Analysis & Synthesis Settings
  4. Parallel Compilation
  5. Analysis & Synthesis Source Files Read
  6. Analysis & Synthesis Resource Usage Summary
  7. Analysis & Synthesis Resource Utilization by Entity
  8. General Register Statistics
  9. Multiplexer Restructuring Statistics (Restructuring Performed)
 10. Parameter Settings for User Entity Instance: regn:reg_0
 11. Parameter Settings for User Entity Instance: regn:reg_1
 12. Parameter Settings for User Entity Instance: regn:reg_2
 13. Parameter Settings for User Entity Instance: regn:reg_3
 14. Parameter Settings for User Entity Instance: regn:reg_4
 15. Parameter Settings for User Entity Instance: regn:reg_5
 16. Parameter Settings for User Entity Instance: regn:reg_6
 17. Parameter Settings for User Entity Instance: regn:reg_7
 18. Parameter Settings for User Entity Instance: regn:reg_A
 19. Parameter Settings for User Entity Instance: regn:reg_IR
 20. Parameter Settings for User Entity Instance: regn:reg_G
 21. Port Connectivity Checks: "decide3to8:decY"
 22. Port Connectivity Checks: "decide3to8:decX"
 23. Elapsed Time Per Partition
 24. Analysis & Synthesis Messages



----------------
; Legal Notice ;
----------------
Copyright (C) 1991-2013 Altera Corporation
Your use of Altera Corporation's design tools, logic functions 
and other software and tools, and its AMPP partner logic 
functions, and any output files from any of the foregoing 
(including device programming or simulation files), and any 
associated documentation or information are expressly subject 
to the terms and conditions of the Altera Program License 
Subscription Agreement, Altera MegaCore Function License 
Agreement, or other applicable license agreement, including, 
without limitation, that your use is for the sole purpose of 
programming logic devices manufactured by Altera and sold by 
Altera or its authorized distributors.  Please refer to the 
applicable agreement for further details.



+--------------------------------------------------------------------------------------+
; Analysis & Synthesis Summary                                                         ;
+------------------------------------+-------------------------------------------------+
; Analysis & Synthesis Status        ; Successful - Mon May 27 19:31:51 2019           ;
; Quartus II 64-Bit Version          ; 13.0.1 Build 232 06/12/2013 SP 1 SJ Web Edition ;
; Revision Name                      ; simpleCPU                                       ;
; Top-level Entity Name              ; simpleCPU                                       ;
; Family                             ; Cyclone II                                      ;
; Total logic elements               ; 405                                             ;
;     Total combinational functions  ; 268                                             ;
;     Dedicated logic registers      ; 171                                             ;
; Total registers                    ; 171                                             ;
; Total pins                         ; 36                                              ;
; Total virtual pins                 ; 0                                               ;
; Total memory bits                  ; 0                                               ;
; Embedded Multiplier 9-bit elements ; 0                                               ;
; Total PLLs                         ; 0                                               ;
+------------------------------------+-------------------------------------------------+


+----------------------------------------------------------------------------------------------------------------------+
; Analysis & Synthesis Settings                                                                                        ;
+----------------------------------------------------------------------------+--------------------+--------------------+
; Option                                                                     ; Setting            ; Default Value      ;
+----------------------------------------------------------------------------+--------------------+--------------------+
; Device                                                                     ; EP2C5F256C6        ;                    ;
; Top-level entity name                                                      ; simpleCPU          ; simpleCPU          ;
; Family name                                                                ; Cyclone II         ; Cyclone IV GX      ;
; Use smart compilation                                                      ; Off                ; Off                ;
; Enable parallel Assembler and TimeQuest Timing Analyzer during compilation ; On                 ; On                 ;
; Enable compact report table                                                ; Off                ; Off                ;
; Restructure Multiplexers                                                   ; Auto               ; Auto               ;
; Create Debugging Nodes for IP Cores                                        ; Off                ; Off                ;
; Preserve fewer node names                                                  ; On                 ; On                 ;
; Disable OpenCore Plus hardware evaluation                                  ; Off                ; Off                ;
; Verilog Version                                                            ; Verilog_2001       ; Verilog_2001       ;
; VHDL Version                                                               ; VHDL_1993          ; VHDL_1993          ;
; State Machine Processing                                                   ; Auto               ; Auto               ;
; Safe State Machine                                                         ; Off                ; Off                ;
; Extract Verilog State Machines                                             ; On                 ; On                 ;
; Extract VHDL State Machines                                                ; On                 ; On                 ;
; Ignore Verilog initial constructs                                          ; Off                ; Off                ;
; Iteration limit for constant Verilog loops                                 ; 5000               ; 5000               ;
; Iteration limit for non-constant Verilog loops                             ; 250                ; 250                ;
; Add Pass-Through Logic to Inferred RAMs                                    ; On                 ; On                 ;
; Infer RAMs from Raw Logic                                                  ; On                 ; On                 ;
; Parallel Synthesis                                                         ; On                 ; On                 ;
; DSP Block Balancing                                                        ; Auto               ; Auto               ;
; NOT Gate Push-Back                                                         ; On                 ; On                 ;
; Power-Up Don't Care                                                        ; On                 ; On                 ;
; Remove Redundant Logic Cells                                               ; Off                ; Off                ;
; Remove Duplicate Registers                                                 ; On                 ; On                 ;
; Ignore CARRY Buffers                                                       ; Off                ; Off                ;
; Ignore CASCADE Buffers                                                     ; Off                ; Off                ;
; Ignore GLOBAL Buffers                                                      ; Off                ; Off                ;
; Ignore ROW GLOBAL Buffers                                                  ; Off                ; Off                ;
; Ignore LCELL Buffers                                                       ; Off                ; Off                ;
; Ignore SOFT Buffers                                                        ; On                 ; On                 ;
; Limit AHDL Integers to 32 Bits                                             ; Off                ; Off                ;
; Optimization Technique                                                     ; Balanced           ; Balanced           ;
; Carry Chain Length                                                         ; 70                 ; 70                 ;
; Auto Carry Chains                                                          ; On                 ; On                 ;
; Auto Open-Drain Pins                                                       ; On                 ; On                 ;
; Perform WYSIWYG Primitive Resynthesis                                      ; Off                ; Off                ;
; Auto ROM Replacement                                                       ; On                 ; On                 ;
; Auto RAM Replacement                                                       ; On                 ; On                 ;
; Auto Shift Register Replacement                                            ; Auto               ; Auto               ;
; Allow Shift Register Merging across Hierarchies                            ; Auto               ; Auto               ;
; Auto Clock Enable Replacement                                              ; On                 ; On                 ;
; Strict RAM Replacement                                                     ; Off                ; Off                ;
; Allow Synchronous Control Signals                                          ; On                 ; On                 ;
; Force Use of Synchronous Clear Signals                                     ; Off                ; Off                ;
; Auto RAM to Logic Cell Conversion                                          ; Off                ; Off                ;
; Auto Resource Sharing                                                      ; Off                ; Off                ;
; Allow Any RAM Size For Recognition                                         ; Off                ; Off                ;
; Allow Any ROM Size For Recognition                                         ; Off                ; Off                ;
; Allow Any Shift Register Size For Recognition                              ; Off                ; Off                ;
; Use LogicLock Constraints during Resource Balancing                        ; On                 ; On                 ;
; Ignore translate_off and synthesis_off directives                          ; Off                ; Off                ;
; Timing-Driven Synthesis                                                    ; Off                ; Off                ;
; Report Parameter Settings                                                  ; On                 ; On                 ;
; Report Source Assignments                                                  ; On                 ; On                 ;
; Report Connectivity Checks                                                 ; On                 ; On                 ;
; Ignore Maximum Fan-Out Assignments                                         ; Off                ; Off                ;
; Synchronization Register Chain Length                                      ; 2                  ; 2                  ;
; PowerPlay Power Optimization                                               ; Normal compilation ; Normal compilation ;
; HDL message level                                                          ; Level2             ; Level2             ;
; Suppress Register Optimization Related Messages                            ; Off                ; Off                ;
; Number of Removed Registers Reported in Synthesis Report                   ; 5000               ; 5000               ;
; Number of Swept Nodes Reported in Synthesis Report                         ; 5000               ; 5000               ;
; Number of Inverted Registers Reported in Synthesis Report                  ; 100                ; 100                ;
; Clock MUX Protection                                                       ; On                 ; On                 ;
; Auto Gated Clock Conversion                                                ; Off                ; Off                ;
; Block Design Naming                                                        ; Auto               ; Auto               ;
; SDC constraint protection                                                  ; Off                ; Off                ;
; Synthesis Effort                                                           ; Auto               ; Auto               ;
; Shift Register Replacement - Allow Asynchronous Clear Signal               ; On                 ; On                 ;
; Pre-Mapping Resynthesis Optimization                                       ; Off                ; Off                ;
; Analysis & Synthesis Message Level                                         ; Medium             ; Medium             ;
; Disable Register Merging Across Hierarchies                                ; Auto               ; Auto               ;
; Resource Aware Inference For Block RAM                                     ; On                 ; On                 ;
; Synthesis Seed                                                             ; 1                  ; 1                  ;
+----------------------------------------------------------------------------+--------------------+--------------------+


Parallel compilation was disabled, but you have multiple processors available. Enable parallel compilation to reduce compilation time.
+-------------------------------------+
; Parallel Compilation                ;
+----------------------------+--------+
; Processors                 ; Number ;
+----------------------------+--------+
; Number detected on machine ; 8      ;
; Maximum allowed            ; 1      ;
+----------------------------+--------+


+------------------------------------------------------------------------------------------------------------------------------------------------+
; Analysis & Synthesis Source Files Read                                                                                                         ;
+----------------------------------+-----------------+-----------------+---------------------------------------------------------------+---------+
; File Name with User-Entered Path ; Used in Netlist ; File Type       ; File Name with Absolute Path                                  ; Library ;
+----------------------------------+-----------------+-----------------+---------------------------------------------------------------+---------+
; simpleCPU.vhd                    ; yes             ; User VHDL File  ; C:/Users/Odysseas/Desktop/Ergasia vhdl 3/simpleCPU.vhd        ;         ;
; alu16.vhd                        ; yes             ; User VHDL File  ; C:/Users/Odysseas/Desktop/Ergasia vhdl 3/alu16.vhd            ;         ;
; basic_components.vhd             ; yes             ; User VHDL File  ; C:/Users/Odysseas/Desktop/Ergasia vhdl 3/basic_components.vhd ;         ;
+----------------------------------+-----------------+-----------------+---------------------------------------------------------------+---------+


+-----------------------------------------------------+
; Analysis & Synthesis Resource Usage Summary         ;
+---------------------------------------------+-------+
; Resource                                    ; Usage ;
+---------------------------------------------+-------+
; Estimated Total logic elements              ; 405   ;
;                                             ;       ;
; Total combinational functions               ; 268   ;
; Logic element usage by number of LUT inputs ;       ;
;     -- 4 input functions                    ; 210   ;
;     -- 3 input functions                    ; 28    ;
;     -- <=2 input functions                  ; 30    ;
;                                             ;       ;
; Logic elements by mode                      ;       ;
;     -- normal mode                          ; 268   ;
;     -- arithmetic mode                      ; 0     ;
;                                             ;       ;
; Total registers                             ; 171   ;
;     -- Dedicated logic registers            ; 171   ;
;     -- I/O registers                        ; 0     ;
;                                             ;       ;
; I/O pins                                    ; 36    ;
; Embedded Multiplier 9-bit elements          ; 0     ;
; Maximum fan-out node                        ; Clock ;
; Maximum fan-out                             ; 171   ;
; Total fan-out                               ; 1512  ;
; Average fan-out                             ; 3.18  ;
+---------------------------------------------+-------+


+---------------------------------------------------------------------------------------------------------------------------------------------------------------------------------------------------------------+
; Analysis & Synthesis Resource Utilization by Entity                                                                                                                                                           ;
+----------------------------+-------------------+--------------+-------------+--------------+---------+-----------+------+--------------+-------------------------------------------------------+--------------+
; Compilation Hierarchy Node ; LC Combinationals ; LC Registers ; Memory Bits ; DSP Elements ; DSP 9x9 ; DSP 18x18 ; Pins ; Virtual Pins ; Full Hierarchy Name                                   ; Library Name ;
+----------------------------+-------------------+--------------+-------------+--------------+---------+-----------+------+--------------+-------------------------------------------------------+--------------+
; |simpleCPU                 ; 268 (178)         ; 171 (0)      ; 0           ; 0            ; 0       ; 0         ; 36   ; 0            ; |simpleCPU                                            ; work         ;
;    |alu16:prakseis|        ; 88 (0)            ; 0 (0)        ; 0           ; 0            ; 0       ; 0         ; 0    ; 0            ; |simpleCPU|alu16:prakseis                             ; work         ;
;       |ControlCircuit:S1|  ; 8 (8)             ; 0 (0)        ; 0           ; 0            ; 0       ; 0         ; 0    ; 0            ; |simpleCPU|alu16:prakseis|ControlCircuit:S1           ; work         ;
;       |alu_1_bit:S10|      ; 5 (0)             ; 0 (0)        ; 0           ; 0            ; 0       ; 0         ; 0    ; 0            ; |simpleCPU|alu16:prakseis|alu_1_bit:S10               ; work         ;
;          |AddSub:stage5|   ; 2 (2)             ; 0 (0)        ; 0           ; 0            ; 0       ; 0         ; 0    ; 0            ; |simpleCPU|alu16:prakseis|alu_1_bit:S10|AddSub:stage5 ; work         ;
;          |MUX4T1:stage7|   ; 3 (3)             ; 0 (0)        ; 0           ; 0            ; 0       ; 0         ; 0    ; 0            ; |simpleCPU|alu16:prakseis|alu_1_bit:S10|MUX4T1:stage7 ; work         ;
;       |alu_1_bit:S11|      ; 5 (0)             ; 0 (0)        ; 0           ; 0            ; 0       ; 0         ; 0    ; 0            ; |simpleCPU|alu16:prakseis|alu_1_bit:S11               ; work         ;
;          |AddSub:stage5|   ; 2 (2)             ; 0 (0)        ; 0           ; 0            ; 0       ; 0         ; 0    ; 0            ; |simpleCPU|alu16:prakseis|alu_1_bit:S11|AddSub:stage5 ; work         ;
;          |MUX4T1:stage7|   ; 3 (3)             ; 0 (0)        ; 0           ; 0            ; 0       ; 0         ; 0    ; 0            ; |simpleCPU|alu16:prakseis|alu_1_bit:S11|MUX4T1:stage7 ; work         ;
;       |alu_1_bit:S12|      ; 5 (0)             ; 0 (0)        ; 0           ; 0            ; 0       ; 0         ; 0    ; 0            ; |simpleCPU|alu16:prakseis|alu_1_bit:S12               ; work         ;
;          |AddSub:stage5|   ; 2 (2)             ; 0 (0)        ; 0           ; 0            ; 0       ; 0         ; 0    ; 0            ; |simpleCPU|alu16:prakseis|alu_1_bit:S12|AddSub:stage5 ; work         ;
;          |MUX4T1:stage7|   ; 3 (3)             ; 0 (0)        ; 0           ; 0            ; 0       ; 0         ; 0    ; 0            ; |simpleCPU|alu16:prakseis|alu_1_bit:S12|MUX4T1:stage7 ; work         ;
;       |alu_1_bit:S13|      ; 5 (0)             ; 0 (0)        ; 0           ; 0            ; 0       ; 0         ; 0    ; 0            ; |simpleCPU|alu16:prakseis|alu_1_bit:S13               ; work         ;
;          |AddSub:stage5|   ; 2 (2)             ; 0 (0)        ; 0           ; 0            ; 0       ; 0         ; 0    ; 0            ; |simpleCPU|alu16:prakseis|alu_1_bit:S13|AddSub:stage5 ; work         ;
;          |MUX4T1:stage7|   ; 3 (3)             ; 0 (0)        ; 0           ; 0            ; 0       ; 0         ; 0    ; 0            ; |simpleCPU|alu16:prakseis|alu_1_bit:S13|MUX4T1:stage7 ; work         ;
;       |alu_1_bit:S14|      ; 5 (0)             ; 0 (0)        ; 0           ; 0            ; 0       ; 0         ; 0    ; 0            ; |simpleCPU|alu16:prakseis|alu_1_bit:S14               ; work         ;
;          |AddSub:stage5|   ; 2 (2)             ; 0 (0)        ; 0           ; 0            ; 0       ; 0         ; 0    ; 0            ; |simpleCPU|alu16:prakseis|alu_1_bit:S14|AddSub:stage5 ; work         ;
;          |MUX4T1:stage7|   ; 3 (3)             ; 0 (0)        ; 0           ; 0            ; 0       ; 0         ; 0    ; 0            ; |simpleCPU|alu16:prakseis|alu_1_bit:S14|MUX4T1:stage7 ; work         ;
;       |alu_1_bit:S15|      ; 5 (0)             ; 0 (0)        ; 0           ; 0            ; 0       ; 0         ; 0    ; 0            ; |simpleCPU|alu16:prakseis|alu_1_bit:S15               ; work         ;
;          |AddSub:stage5|   ; 2 (2)             ; 0 (0)        ; 0           ; 0            ; 0       ; 0         ; 0    ; 0            ; |simpleCPU|alu16:prakseis|alu_1_bit:S15|AddSub:stage5 ; work         ;
;          |MUX4T1:stage7|   ; 3 (3)             ; 0 (0)        ; 0           ; 0            ; 0       ; 0         ; 0    ; 0            ; |simpleCPU|alu16:prakseis|alu_1_bit:S15|MUX4T1:stage7 ; work         ;
;       |alu_1_bit:S16|      ; 5 (0)             ; 0 (0)        ; 0           ; 0            ; 0       ; 0         ; 0    ; 0            ; |simpleCPU|alu16:prakseis|alu_1_bit:S16               ; work         ;
;          |AddSub:stage5|   ; 2 (2)             ; 0 (0)        ; 0           ; 0            ; 0       ; 0         ; 0    ; 0            ; |simpleCPU|alu16:prakseis|alu_1_bit:S16|AddSub:stage5 ; work         ;
;          |MUX4T1:stage7|   ; 3 (3)             ; 0 (0)        ; 0           ; 0            ; 0       ; 0         ; 0    ; 0            ; |simpleCPU|alu16:prakseis|alu_1_bit:S16|MUX4T1:stage7 ; work         ;
;       |alu_1_bit:S17|      ; 5 (0)             ; 0 (0)        ; 0           ; 0            ; 0       ; 0         ; 0    ; 0            ; |simpleCPU|alu16:prakseis|alu_1_bit:S17               ; work         ;
;          |AddSub:stage5|   ; 2 (2)             ; 0 (0)        ; 0           ; 0            ; 0       ; 0         ; 0    ; 0            ; |simpleCPU|alu16:prakseis|alu_1_bit:S17|AddSub:stage5 ; work         ;
;          |MUX4T1:stage7|   ; 3 (3)             ; 0 (0)        ; 0           ; 0            ; 0       ; 0         ; 0    ; 0            ; |simpleCPU|alu16:prakseis|alu_1_bit:S17|MUX4T1:stage7 ; work         ;
;       |alu_1_bit:S2|       ; 5 (0)             ; 0 (0)        ; 0           ; 0            ; 0       ; 0         ; 0    ; 0            ; |simpleCPU|alu16:prakseis|alu_1_bit:S2                ; work         ;
;          |AddSub:stage5|   ; 2 (2)             ; 0 (0)        ; 0           ; 0            ; 0       ; 0         ; 0    ; 0            ; |simpleCPU|alu16:prakseis|alu_1_bit:S2|AddSub:stage5  ; work         ;
;          |MUX4T1:stage7|   ; 3 (3)             ; 0 (0)        ; 0           ; 0            ; 0       ; 0         ; 0    ; 0            ; |simpleCPU|alu16:prakseis|alu_1_bit:S2|MUX4T1:stage7  ; work         ;
;       |alu_1_bit:S3|       ; 5 (0)             ; 0 (0)        ; 0           ; 0            ; 0       ; 0         ; 0    ; 0            ; |simpleCPU|alu16:prakseis|alu_1_bit:S3                ; work         ;
;          |AddSub:stage5|   ; 2 (2)             ; 0 (0)        ; 0           ; 0            ; 0       ; 0         ; 0    ; 0            ; |simpleCPU|alu16:prakseis|alu_1_bit:S3|AddSub:stage5  ; work         ;
;          |MUX4T1:stage7|   ; 3 (3)             ; 0 (0)        ; 0           ; 0            ; 0       ; 0         ; 0    ; 0            ; |simpleCPU|alu16:prakseis|alu_1_bit:S3|MUX4T1:stage7  ; work         ;
;       |alu_1_bit:S4|       ; 5 (0)             ; 0 (0)        ; 0           ; 0            ; 0       ; 0         ; 0    ; 0            ; |simpleCPU|alu16:prakseis|alu_1_bit:S4                ; work         ;
;          |AddSub:stage5|   ; 2 (2)             ; 0 (0)        ; 0           ; 0            ; 0       ; 0         ; 0    ; 0            ; |simpleCPU|alu16:prakseis|alu_1_bit:S4|AddSub:stage5  ; work         ;
;          |MUX4T1:stage7|   ; 3 (3)             ; 0 (0)        ; 0           ; 0            ; 0       ; 0         ; 0    ; 0            ; |simpleCPU|alu16:prakseis|alu_1_bit:S4|MUX4T1:stage7  ; work         ;
;       |alu_1_bit:S5|       ; 5 (0)             ; 0 (0)        ; 0           ; 0            ; 0       ; 0         ; 0    ; 0            ; |simpleCPU|alu16:prakseis|alu_1_bit:S5                ; work         ;
;          |AddSub:stage5|   ; 2 (2)             ; 0 (0)        ; 0           ; 0            ; 0       ; 0         ; 0    ; 0            ; |simpleCPU|alu16:prakseis|alu_1_bit:S5|AddSub:stage5  ; work         ;
;          |MUX4T1:stage7|   ; 3 (3)             ; 0 (0)        ; 0           ; 0            ; 0       ; 0         ; 0    ; 0            ; |simpleCPU|alu16:prakseis|alu_1_bit:S5|MUX4T1:stage7  ; work         ;
;       |alu_1_bit:S6|       ; 5 (0)             ; 0 (0)        ; 0           ; 0            ; 0       ; 0         ; 0    ; 0            ; |simpleCPU|alu16:prakseis|alu_1_bit:S6                ; work         ;
;          |AddSub:stage5|   ; 2 (2)             ; 0 (0)        ; 0           ; 0            ; 0       ; 0         ; 0    ; 0            ; |simpleCPU|alu16:prakseis|alu_1_bit:S6|AddSub:stage5  ; work         ;
;          |MUX4T1:stage7|   ; 3 (3)             ; 0 (0)        ; 0           ; 0            ; 0       ; 0         ; 0    ; 0            ; |simpleCPU|alu16:prakseis|alu_1_bit:S6|MUX4T1:stage7  ; work         ;
;       |alu_1_bit:S7|       ; 5 (0)             ; 0 (0)        ; 0           ; 0            ; 0       ; 0         ; 0    ; 0            ; |simpleCPU|alu16:prakseis|alu_1_bit:S7                ; work         ;
;          |AddSub:stage5|   ; 2 (2)             ; 0 (0)        ; 0           ; 0            ; 0       ; 0         ; 0    ; 0            ; |simpleCPU|alu16:prakseis|alu_1_bit:S7|AddSub:stage5  ; work         ;
;          |MUX4T1:stage7|   ; 3 (3)             ; 0 (0)        ; 0           ; 0            ; 0       ; 0         ; 0    ; 0            ; |simpleCPU|alu16:prakseis|alu_1_bit:S7|MUX4T1:stage7  ; work         ;
;       |alu_1_bit:S8|       ; 5 (0)             ; 0 (0)        ; 0           ; 0            ; 0       ; 0         ; 0    ; 0            ; |simpleCPU|alu16:prakseis|alu_1_bit:S8                ; work         ;
;          |AddSub:stage5|   ; 2 (2)             ; 0 (0)        ; 0           ; 0            ; 0       ; 0         ; 0    ; 0            ; |simpleCPU|alu16:prakseis|alu_1_bit:S8|AddSub:stage5  ; work         ;
;          |MUX4T1:stage7|   ; 3 (3)             ; 0 (0)        ; 0           ; 0            ; 0       ; 0         ; 0    ; 0            ; |simpleCPU|alu16:prakseis|alu_1_bit:S8|MUX4T1:stage7  ; work         ;
;       |alu_1_bit:S9|       ; 5 (0)             ; 0 (0)        ; 0           ; 0            ; 0       ; 0         ; 0    ; 0            ; |simpleCPU|alu16:prakseis|alu_1_bit:S9                ; work         ;
;          |AddSub:stage5|   ; 2 (2)             ; 0 (0)        ; 0           ; 0            ; 0       ; 0         ; 0    ; 0            ; |simpleCPU|alu16:prakseis|alu_1_bit:S9|AddSub:stage5  ; work         ;
;          |MUX4T1:stage7|   ; 3 (3)             ; 0 (0)        ; 0           ; 0            ; 0       ; 0         ; 0    ; 0            ; |simpleCPU|alu16:prakseis|alu_1_bit:S9|MUX4T1:stage7  ; work         ;
;    |regn:reg_0|            ; 0 (0)             ; 16 (16)      ; 0           ; 0            ; 0       ; 0         ; 0    ; 0            ; |simpleCPU|regn:reg_0                                 ; work         ;
;    |regn:reg_1|            ; 0 (0)             ; 16 (16)      ; 0           ; 0            ; 0       ; 0         ; 0    ; 0            ; |simpleCPU|regn:reg_1                                 ; work         ;
;    |regn:reg_2|            ; 0 (0)             ; 16 (16)      ; 0           ; 0            ; 0       ; 0         ; 0    ; 0            ; |simpleCPU|regn:reg_2                                 ; work         ;
;    |regn:reg_3|            ; 0 (0)             ; 16 (16)      ; 0           ; 0            ; 0       ; 0         ; 0    ; 0            ; |simpleCPU|regn:reg_3                                 ; work         ;
;    |regn:reg_4|            ; 0 (0)             ; 16 (16)      ; 0           ; 0            ; 0       ; 0         ; 0    ; 0            ; |simpleCPU|regn:reg_4                                 ; work         ;
;    |regn:reg_5|            ; 0 (0)             ; 16 (16)      ; 0           ; 0            ; 0       ; 0         ; 0    ; 0            ; |simpleCPU|regn:reg_5                                 ; work         ;
;    |regn:reg_6|            ; 0 (0)             ; 16 (16)      ; 0           ; 0            ; 0       ; 0         ; 0    ; 0            ; |simpleCPU|regn:reg_6                                 ; work         ;
;    |regn:reg_7|            ; 0 (0)             ; 16 (16)      ; 0           ; 0            ; 0       ; 0         ; 0    ; 0            ; |simpleCPU|regn:reg_7                                 ; work         ;
;    |regn:reg_A|            ; 0 (0)             ; 16 (16)      ; 0           ; 0            ; 0       ; 0         ; 0    ; 0            ; |simpleCPU|regn:reg_A                                 ; work         ;
;    |regn:reg_G|            ; 0 (0)             ; 16 (16)      ; 0           ; 0            ; 0       ; 0         ; 0    ; 0            ; |simpleCPU|regn:reg_G                                 ; work         ;
;    |regn:reg_IR|           ; 0 (0)             ; 9 (9)        ; 0           ; 0            ; 0       ; 0         ; 0    ; 0            ; |simpleCPU|regn:reg_IR                                ; work         ;
;    |upcount:Tstep|         ; 2 (2)             ; 2 (2)        ; 0           ; 0            ; 0       ; 0         ; 0    ; 0            ; |simpleCPU|upcount:Tstep                              ; work         ;
+----------------------------+-------------------+--------------+-------------+--------------+---------+-----------+------+--------------+-------------------------------------------------------+--------------+
Note: For table entries with two numbers listed, the numbers in parentheses indicate the number of resources of the given type used by the specific entity alone. The numbers listed outside of parentheses indicate the total resources of the given type used by the specific entity and all of its sub-entities in the hierarchy.


+------------------------------------------------------+
; General Register Statistics                          ;
+----------------------------------------------+-------+
; Statistic                                    ; Value ;
+----------------------------------------------+-------+
; Total registers                              ; 171   ;
; Number of registers using Synchronous Clear  ; 0     ;
; Number of registers using Synchronous Load   ; 0     ;
; Number of registers using Asynchronous Clear ; 0     ;
; Number of registers using Asynchronous Load  ; 0     ;
; Number of registers using Clock Enable       ; 169   ;
; Number of registers using Preset             ; 0     ;
+----------------------------------------------+-------+


+------------------------------------------------------------------------------------------------------------------------------------------+
; Multiplexer Restructuring Statistics (Restructuring Performed)                                                                           ;
+--------------------+-----------+---------------+----------------------+------------------------+------------+----------------------------+
; Multiplexer Inputs ; Bus Width ; Baseline Area ; Area if Restructured ; Saving if Restructured ; Registered ; Example Multiplexer Output ;
+--------------------+-----------+---------------+----------------------+------------------------+------------+----------------------------+
; 4:1                ; 16 bits   ; 32 LEs        ; 32 LEs               ; 0 LEs                  ; Yes        ; |simpleCPU|regn:reg_G|Q[7] ;
; 6:1                ; 8 bits    ; 32 LEs        ; 8 LEs                ; 24 LEs                 ; No         ; |simpleCPU|Mux56           ;
; 12:1               ; 8 bits    ; 64 LEs        ; 16 LEs               ; 48 LEs                 ; No         ; |simpleCPU|Mux48           ;
; 10:1               ; 16 bits   ; 96 LEs        ; 96 LEs               ; 0 LEs                  ; No         ; |simpleCPU|Selector9       ;
+--------------------+-----------+---------------+----------------------+------------------------+------------+----------------------------+


+---------------------------------------------------------+
; Parameter Settings for User Entity Instance: regn:reg_0 ;
+----------------+-------+--------------------------------+
; Parameter Name ; Value ; Type                           ;
+----------------+-------+--------------------------------+
; n              ; 16    ; Signed Integer                 ;
+----------------+-------+--------------------------------+
Note: In order to hide this table in the UI and the text report file, please set the "Show Parameter Settings in Synthesis Report" option in "Analysis and Synthesis Settings -> More Settings" to "Off".


+---------------------------------------------------------+
; Parameter Settings for User Entity Instance: regn:reg_1 ;
+----------------+-------+--------------------------------+
; Parameter Name ; Value ; Type                           ;
+----------------+-------+--------------------------------+
; n              ; 16    ; Signed Integer                 ;
+----------------+-------+--------------------------------+
Note: In order to hide this table in the UI and the text report file, please set the "Show Parameter Settings in Synthesis Report" option in "Analysis and Synthesis Settings -> More Settings" to "Off".


+---------------------------------------------------------+
; Parameter Settings for User Entity Instance: regn:reg_2 ;
+----------------+-------+--------------------------------+
; Parameter Name ; Value ; Type                           ;
+----------------+-------+--------------------------------+
; n              ; 16    ; Signed Integer                 ;
+----------------+-------+--------------------------------+
Note: In order to hide this table in the UI and the text report file, please set the "Show Parameter Settings in Synthesis Report" option in "Analysis and Synthesis Settings -> More Settings" to "Off".


+---------------------------------------------------------+
; Parameter Settings for User Entity Instance: regn:reg_3 ;
+----------------+-------+--------------------------------+
; Parameter Name ; Value ; Type                           ;
+----------------+-------+--------------------------------+
; n              ; 16    ; Signed Integer                 ;
+----------------+-------+--------------------------------+
Note: In order to hide this table in the UI and the text report file, please set the "Show Parameter Settings in Synthesis Report" option in "Analysis and Synthesis Settings -> More Settings" to "Off".


+---------------------------------------------------------+
; Parameter Settings for User Entity Instance: regn:reg_4 ;
+----------------+-------+--------------------------------+
; Parameter Name ; Value ; Type                           ;
+----------------+-------+--------------------------------+
; n              ; 16    ; Signed Integer                 ;
+----------------+-------+--------------------------------+
Note: In order to hide this table in the UI and the text report file, please set the "Show Parameter Settings in Synthesis Report" option in "Analysis and Synthesis Settings -> More Settings" to "Off".


+---------------------------------------------------------+
; Parameter Settings for User Entity Instance: regn:reg_5 ;
+----------------+-------+--------------------------------+
; Parameter Name ; Value ; Type                           ;
+----------------+-------+--------------------------------+
; n              ; 16    ; Signed Integer                 ;
+----------------+-------+--------------------------------+
Note: In order to hide this table in the UI and the text report file, please set the "Show Parameter Settings in Synthesis Report" option in "Analysis and Synthesis Settings -> More Settings" to "Off".


+---------------------------------------------------------+
; Parameter Settings for User Entity Instance: regn:reg_6 ;
+----------------+-------+--------------------------------+
; Parameter Name ; Value ; Type                           ;
+----------------+-------+--------------------------------+
; n              ; 16    ; Signed Integer                 ;
+----------------+-------+--------------------------------+
Note: In order to hide this table in the UI and the text report file, please set the "Show Parameter Settings in Synthesis Report" option in "Analysis and Synthesis Settings -> More Settings" to "Off".


+---------------------------------------------------------+
; Parameter Settings for User Entity Instance: regn:reg_7 ;
+----------------+-------+--------------------------------+
; Parameter Name ; Value ; Type                           ;
+----------------+-------+--------------------------------+
; n              ; 16    ; Signed Integer                 ;
+----------------+-------+--------------------------------+
Note: In order to hide this table in the UI and the text report file, please set the "Show Parameter Settings in Synthesis Report" option in "Analysis and Synthesis Settings -> More Settings" to "Off".


+---------------------------------------------------------+
; Parameter Settings for User Entity Instance: regn:reg_A ;
+----------------+-------+--------------------------------+
; Parameter Name ; Value ; Type                           ;
+----------------+-------+--------------------------------+
; n              ; 16    ; Signed Integer                 ;
+----------------+-------+--------------------------------+
Note: In order to hide this table in the UI and the text report file, please set the "Show Parameter Settings in Synthesis Report" option in "Analysis and Synthesis Settings -> More Settings" to "Off".


+----------------------------------------------------------+
; Parameter Settings for User Entity Instance: regn:reg_IR ;
+----------------+-------+---------------------------------+
; Parameter Name ; Value ; Type                            ;
+----------------+-------+---------------------------------+
; n              ; 9     ; Signed Integer                  ;
+----------------+-------+---------------------------------+
Note: In order to hide this table in the UI and the text report file, please set the "Show Parameter Settings in Synthesis Report" option in "Analysis and Synthesis Settings -> More Settings" to "Off".


+---------------------------------------------------------+
; Parameter Settings for User Entity Instance: regn:reg_G ;
+----------------+-------+--------------------------------+
; Parameter Name ; Value ; Type                           ;
+----------------+-------+--------------------------------+
; n              ; 16    ; Signed Integer                 ;
+----------------+-------+--------------------------------+
Note: In order to hide this table in the UI and the text report file, please set the "Show Parameter Settings in Synthesis Report" option in "Analysis and Synthesis Settings -> More Settings" to "Off".


+---------------------------------------------+
; Port Connectivity Checks: "decide3to8:decY" ;
+------+-------+----------+-------------------+
; Port ; Type  ; Severity ; Details           ;
+------+-------+----------+-------------------+
; en   ; Input ; Info     ; Stuck at VCC      ;
+------+-------+----------+-------------------+


+---------------------------------------------+
; Port Connectivity Checks: "decide3to8:decX" ;
+------+-------+----------+-------------------+
; Port ; Type  ; Severity ; Details           ;
+------+-------+----------+-------------------+
; en   ; Input ; Info     ; Stuck at VCC      ;
+------+-------+----------+-------------------+


+-------------------------------+
; Elapsed Time Per Partition    ;
+----------------+--------------+
; Partition Name ; Elapsed Time ;
+----------------+--------------+
; Top            ; 00:00:02     ;
+----------------+--------------+


+-------------------------------+
; Analysis & Synthesis Messages ;
+-------------------------------+
Info: *******************************************************************
Info: Running Quartus II 64-Bit Analysis & Synthesis
    Info: Version 13.0.1 Build 232 06/12/2013 Service Pack 1 SJ Web Edition
    Info: Processing started: Mon May 27 19:31:47 2019
Info: Command: quartus_map --read_settings_files=on --write_settings_files=off simpleCPU -c simpleCPU
Warning (20028): Parallel compilation is not licensed and has been disabled
Info (12021): Found 8 design units, including 4 entities, in source file simplecpu.vhd
    Info (12022): Found design unit 1: simpleCPU-Behavior
    Info (12022): Found design unit 2: regn-Behavior
    Info (12022): Found design unit 3: upcount-Behavior
    Info (12022): Found design unit 4: decide3to8-Behavior
    Info (12023): Found entity 1: simpleCPU
    Info (12023): Found entity 2: regn
    Info (12023): Found entity 3: upcount
    Info (12023): Found entity 4: decide3to8
Info (12021): Found 3 design units, including 1 entities, in source file alu16.vhd
    Info (12022): Found design unit 1: alu16_package
    Info (12022): Found design unit 2: alu16-wow
    Info (12023): Found entity 1: alu16
Info (12021): Found 17 design units, including 8 entities, in source file basic_components.vhd
    Info (12022): Found design unit 1: basic_components
    Info (12022): Found design unit 2: ControlCircuit-model_conc9
    Info (12022): Found design unit 3: d2-model
    Info (12022): Found design unit 4: O2-model2
    Info (12022): Found design unit 5: XO2-model3
    Info (12022): Found design unit 6: MUX2T1-model4
    Info (12022): Found design unit 7: MUX4T1-model5
    Info (12022): Found design unit 8: AddSub-model6
    Info (12022): Found design unit 9: alu_1_bit-structural
    Info (12023): Found entity 1: ControlCircuit
    Info (12023): Found entity 2: d2
    Info (12023): Found entity 3: O2
    Info (12023): Found entity 4: XO2
    Info (12023): Found entity 5: MUX2T1
    Info (12023): Found entity 6: MUX4T1
    Info (12023): Found entity 7: AddSub
    Info (12023): Found entity 8: alu_1_bit
Info (12127): Elaborating entity "simpleCPU" for the top level hierarchy
Warning (10036): Verilog HDL or VHDL warning at simpleCPU.vhd(33): object "AddSub" assigned a value but never read
Info (12128): Elaborating entity "upcount" for hierarchy "upcount:Tstep"
Info (12128): Elaborating entity "decide3to8" for hierarchy "decide3to8:decX"
Info (12128): Elaborating entity "regn" for hierarchy "regn:reg_0"
Info (12128): Elaborating entity "regn" for hierarchy "regn:reg_IR"
Info (12128): Elaborating entity "alu16" for hierarchy "alu16:prakseis"
Info (12128): Elaborating entity "ControlCircuit" for hierarchy "alu16:prakseis|ControlCircuit:S1"
Info (12128): Elaborating entity "alu_1_bit" for hierarchy "alu16:prakseis|alu_1_bit:S2"
Info (12128): Elaborating entity "MUX2T1" for hierarchy "alu16:prakseis|alu_1_bit:S2|MUX2T1:stage1"
Info (12128): Elaborating entity "d2" for hierarchy "alu16:prakseis|alu_1_bit:S2|d2:stage3"
Info (12128): Elaborating entity "O2" for hierarchy "alu16:prakseis|alu_1_bit:S2|O2:stage4"
Info (12128): Elaborating entity "AddSub" for hierarchy "alu16:prakseis|alu_1_bit:S2|AddSub:stage5"
Info (12128): Elaborating entity "XO2" for hierarchy "alu16:prakseis|alu_1_bit:S2|XO2:stage6"
Info (12128): Elaborating entity "MUX4T1" for hierarchy "alu16:prakseis|alu_1_bit:S2|MUX4T1:stage7"
Info (16010): Generating hard_block partition "hard_block:auto_generated_inst"
    Info (16011): Adding 0 node(s), including 0 DDIO, 0 PLL, 0 transceiver and 0 LCELL
Info (21057): Implemented 457 device resources after synthesis - the final resource count might be different
    Info (21058): Implemented 19 input pins
    Info (21059): Implemented 17 output pins
    Info (21061): Implemented 421 logic cells
Info: Quartus II 64-Bit Analysis & Synthesis was successful. 0 errors, 2 warnings
    Info: Peak virtual memory: 486 megabytes
    Info: Processing ended: Mon May 27 19:31:51 2019
    Info: Elapsed time: 00:00:04
    Info: Total CPU time (on all processors): 00:00:04


