Flow report for simpleCPU
Mon May 27 19:34:52 2019
Quartus II 64-Bit Version 13.0.1 Build 232 06/12/2013 Service Pack 1 SJ Web Edition


---------------------
; Table of Contents ;
---------------------
  1. Legal Notice
  2. Flow Summary
  3. Flow Settings
  4. Flow Non-Default Global Settings
  5. Flow Elapsed Time
  6. Flow OS Summary
  7. Flow Log
  8. Flow Messages
  9. Flow Suppressed Messages



----------------
; Legal Notice ;
----------------
Copyright (C) 1991-2013 Altera Corporation
Your use of Altera Corporation's design tools, logic functions 
and other software and tools, and its AMPP partner logic 
functions, and any output files from any of the foregoing 
(including device programming or simulation files), and any 
associated documentation or information are expressly subject 
to the terms and conditions of the Altera Program License 
Subscription Agreement, Altera MegaCore Function License 
Agreement, or other applicable license agreement, including, 
without limitation, that your use is for the sole purpose of 
programming logic devices manufactured by Altera and sold by 
Altera or its authorized distributors.  Please refer to the 
applicable agreement for further details.



+--------------------------------------------------------------------------------------+
; Flow Summary                                                                         ;
+------------------------------------+-------------------------------------------------+
; Flow Status                        ; Successful - Mon May 27 19:34:52 2019           ;
; Quartus II 64-Bit Version          ; 13.0.1 Build 232 06/12/2013 SP 1 SJ Web Edition ;
; Revision Name                      ; simpleCPU                                       ;
; Top-level Entity Name              ; simpleCPU                                       ;
; Family                             ; Cyclone II                                      ;
; Device                             ; EP2C5F256C6                                     ;
; Timing Models                      ; Final                                           ;
; Total logic elements               ; 405                                             ;
;     Total combinational functions  ; 268                                             ;
;     Dedicated logic registers      ; 171                                             ;
; Total registers                    ; 171                                             ;
; Total pins                         ; 36                                              ;
; Total virtual pins                 ; 0                                               ;
; Total memory bits                  ; 0                                               ;
; Embedded Multiplier 9-bit elements ; 0                                               ;
; Total PLLs                         ; 0                                               ;
+------------------------------------+-------------------------------------------------+


+-----------------------------------------+
; Flow Settings                           ;
+-------------------+---------------------+
; Option            ; Setting             ;
+-------------------+---------------------+
; Start date & time ; 05/27/2019 19:31:47 ;
; Main task         ; Compilation         ;
; Revision Name     ; simpleCPU           ;
+-------------------+---------------------+


+----------------------------------------------------------------------------------------------------------------------+
; Flow Non-Default Global Settings                                                                                     ;
+-------------------------------------+---------------------------------+---------------+-------------+----------------+
; Assignment Name                     ; Value                           ; Default Value ; Entity Name ; Section Id     ;
+-------------------------------------+---------------------------------+---------------+-------------+----------------+
; COMPILER_SIGNATURE_ID               ; 132235444022833.155897470700184 ; --            ; --          ; --             ;
; EDA_GENERATE_FUNCTIONAL_NETLIST     ; On                              ; --            ; --          ; eda_simulation ;
; EDA_OUTPUT_DATA_FORMAT              ; Verilog Hdl                     ; --            ; --          ; eda_simulation ;
; EDA_SIMULATION_TOOL                 ; ModelSim-Altera (Verilog)       ; <None>        ; --          ; --             ;
; MAX_CORE_JUNCTION_TEMP              ; 85                              ; --            ; --          ; --             ;
; MIN_CORE_JUNCTION_TEMP              ; 0                               ; --            ; --          ; --             ;
; PARTITION_COLOR                     ; 16764057                        ; --            ; --          ; Top            ;
; PARTITION_FITTER_PRESERVATION_LEVEL ; PLACEMENT_AND_ROUTING           ; --            ; --          ; Top            ;
; PARTITION_NETLIST_TYPE              ; SOURCE                          ; --            ; --          ; Top            ;
; PROJECT_OUTPUT_DIRECTORY            ; output_files                    ; --            ; --          ; --             ;
+-------------------------------------+---------------------------------+---------------+-------------+----------------+


+--------------------------------------------------------------------------------------------------------------------------+
; Flow Elapsed Time                                                                                                        ;
+----------------------+--------------+-------------------------+---------------------+------------------------------------+
; Module Name          ; Elapsed Time ; Average Processors Used ; Peak Virtual Memory ; Total CPU Time (on all processors) ;
+----------------------+--------------+-------------------------+---------------------+------------------------------------+
; Analysis & Synthesis ; 00:00:04     ; 1.0                     ; 486 MB              ; 00:00:04                           ;
; EDA Netlist Writer   ; 00:00:01     ; 1.0                     ; 384 MB              ; 00:00:01                           ;
; EDA Netlist Writer   ; 00:00:01     ; 1.0                     ; 384 MB              ; 00:00:01                           ;
; EDA Netlist Writer   ; 00:00:01     ; 1.0                     ; 384 MB              ; 00:00:01                           ;
; EDA Netlist Writer   ; 00:00:01     ; 1.0                     ; 384 MB              ; 00:00:01                           ;
; EDA Netlist Writer   ; 00:00:00     ; 1.0                     ; 384 MB              ; 00:00:01                           ;
; EDA Netlist Writer   ; 00:00:00     ; 1.0                     ; 384 MB              ; 00:00:01                           ;
; EDA Netlist Writer   ; 00:00:01     ; 1.0                     ; 384 MB              ; 00:00:01                           ;
; EDA Netlist Writer   ; 00:00:01     ; 1.0                     ; 384 MB              ; 00:00:01                           ;
; EDA Netlist Writer   ; 00:00:01     ; 1.0                     ; 384 MB              ; 00:00:01                           ;
; EDA Netlist Writer   ; 00:00:01     ; 1.0                     ; 384 MB              ; 00:00:01                           ;
; Total                ; 00:00:12     ; --                      ; --                  ; 00:00:14                           ;
+----------------------+--------------+-------------------------+---------------------+------------------------------------+


+-----------------------------------------------------------------------------------+
; Flow OS Summary                                                                   ;
+----------------------+------------------+-----------+------------+----------------+
; Module Name          ; Machine Hostname ; OS Name   ; OS Version ; Processor type ;
+----------------------+------------------+-----------+------------+----------------+
; Analysis & Synthesis ; Pantaleon        ; Windows 7 ; 6.2        ; x86_64         ;
; EDA Netlist Writer   ; Pantaleon        ; Windows 7 ; 6.2        ; x86_64         ;
; EDA Netlist Writer   ; Pantaleon        ; Windows 7 ; 6.2        ; x86_64         ;
; EDA Netlist Writer   ; Pantaleon        ; Windows 7 ; 6.2        ; x86_64         ;
; EDA Netlist Writer   ; Pantaleon        ; Windows 7 ; 6.2        ; x86_64         ;
; EDA Netlist Writer   ; Pantaleon        ; Windows 7 ; 6.2        ; x86_64         ;
; EDA Netlist Writer   ; Pantaleon        ; Windows 7 ; 6.2        ; x86_64         ;
; EDA Netlist Writer   ; Pantaleon        ; Windows 7 ; 6.2        ; x86_64         ;
; EDA Netlist Writer   ; Pantaleon        ; Windows 7 ; 6.2        ; x86_64         ;
; EDA Netlist Writer   ; Pantaleon        ; Windows 7 ; 6.2        ; x86_64         ;
; EDA Netlist Writer   ; Pantaleon        ; Windows 7 ; 6.2        ; x86_64         ;
+----------------------+------------------+-----------+------------+----------------+


------------
; Flow Log ;
------------
quartus_map --read_settings_files=on --write_settings_files=off simpleCPU -c simpleCPU
quartus_eda --gen_testbench --check_outputs=on --tool=modelsim_oem --format=verilog simpleCPU -c simpleCPU --vector_source="C:/Users/Odysseas/Desktop/Ergasia vhdl 3/WaveformB.vwf" --testbench_file=./simulation/qsim/simpleCPU.vt
quartus_eda --functional=on --simulation=on --tool=modelsim_oem --format=verilog simpleCPU -c simpleCPU
quartus_eda --gen_testbench --check_outputs=on --tool=modelsim_oem --format=verilog simpleCPU -c simpleCPU --vector_source="C:/Users/Odysseas/Desktop/Ergasia vhdl 3/WaveformB.vwf" --testbench_file=./simulation/qsim/simpleCPU.vt
quartus_eda --functional=on --simulation=on --tool=modelsim_oem --format=verilog simpleCPU -c simpleCPU
quartus_eda --gen_testbench --check_outputs=on --tool=modelsim_oem --format=verilog simpleCPU -c simpleCPU --vector_source="C:/Users/Odysseas/Desktop/Ergasia vhdl 3/WaveformB.vwf" --testbench_file=./simulation/qsim/simpleCPU.vt
quartus_eda --functional=on --simulation=on --tool=modelsim_oem --format=verilog simpleCPU -c simpleCPU
quartus_eda --gen_testbench --check_outputs=on --tool=modelsim_oem --format=verilog simpleCPU -c simpleCPU --vector_source="C:/Users/Odysseas/Desktop/Ergasia vhdl 3/WaveformC.vwf" --testbench_file=./simulation/qsim/simpleCPU.vt
quartus_eda --functional=on --simulation=on --tool=modelsim_oem --format=verilog simpleCPU -c simpleCPU
quartus_eda --gen_testbench --check_outputs=on --tool=modelsim_oem --format=verilog simpleCPU -c simpleCPU --vector_source="C:/Users/Odysseas/Desktop/Ergasia vhdl 3/WaveformD.vwf" --testbench_file=./simulation/qsim/simpleCPU.vt
quartus_eda --functional=on --simulation=on --tool=modelsim_oem --format=verilog simpleCPU -c simpleCPU



